#
# A fatal error has been detected by the Java Runtime Environment:
#
#  EXCEPTION_ACCESS_VIOLATION (0xc0000005) at pc=0x00007fff8393e878, pid=12396, tid=14576
#
# JRE version: OpenJDK Runtime Environment (15.0.1+9) (build 15.0.1+9-18)
# Java VM: OpenJDK 64-Bit Server VM (15.0.1+9-18, mixed mode, tiered, compressed oops, g1 gc, windows-amd64)
# Problematic frame:
# V  [jvm.dll+0x20e878]
#
# No core dump will be written. Minidumps are not enabled by default on client versions of Windows
#
# If you would like to submit a bug report, please visit:
#   https://bugreport.java.com/bugreport/crash.jsp
#

---------------  S U M M A R Y ------------

Command Line: -XX:+ShowCodeDetailsInExceptionMessages -agentlib:jdwp=transport=dt_socket,suspend=y,address=localhost:50302 -javaagent:C:\Users\91889\Downloads\eclipse\configuration\org.eclipse.osgi\405\0\.cp\lib\javaagent-shaded.jar -Dfile.encoding=Cp1252 com.arrays.coding.DeleteElement

Host: 11th Gen Intel(R) Core(TM) i5-1135G7 @ 2.40GHz, 8 cores, 15G,  Windows 10 , 64 bit Build 19041 (10.0.19041.1023)
Time: Fri Jul 23 23:37:55 2021 India Standard Time elapsed time: 830.427304 seconds (0d 0h 13m 50s)

---------------  T H R E A D  ---------------

Current thread (0x00000153e0e9b020):  JavaThread "JDWP Transport Listener: dt_socket" daemon [_thread_in_vm, id=14576, stack(0x00000032eee00000,0x00000032eef00000)] _threads_hazard_ptr=0x00000153e15fe830

Stack: [0x00000032eee00000,0x00000032eef00000],  sp=0x00000032eeefea28,  free space=1018k
Native frames: (J=compiled Java code, j=interpreted, Vv=VM code, C=native code)
V  [jvm.dll+0x20e878]


siginfo: EXCEPTION_ACCESS_VIOLATION (0xc0000005), reading address 0x00000153e1cecbb0


Register to memory mapping:

RIP=0x00007fff8393e878 jvm.dll
RAX=0x0000000000164080 is an unknown value
RBX=0x00000032eeefecd0 is pointing into the stack for thread: 0x00000153e0e9b020
RCX=0x00000153e1b88b30 is pointing into metadata
RDX=0x000000000000b203 is an unknown value
RSP=0x00000032eeefea28 is pointing into the stack for thread: 0x00000153e0e9b020
RBP=0x0000000000000001 is an unknown value
RSI=0x0000000000000001 is an unknown value
RDI=0x00000153e1b88380 is pointing into metadata
R8 =0x0 is NULL
R9 =0x00000153e1b88380 is pointing into metadata
R10=0x00000153e13316b0 points into unknown readable memory: 0x4700000147000000 | 00 00 00 47 01 00 00 47
R11=0x00000153e1331550 points into unknown readable memory: 0x4700000147000000 | 00 00 00 47 01 00 00 47
R12=0x00007fff83730000 jvm.dll
R13=0x00000153e13314b0 points into unknown readable memory: 0x0000005e1341e800 | 00 e8 41 13 5e 00 00 00
R14=0x0 is NULL
R15=0x0000000000000082 is an unknown value


Registers:
RAX=0x0000000000164080, RBX=0x00000032eeefecd0, RCX=0x00000153e1b88b30, RDX=0x000000000000b203
RSP=0x00000032eeefea28, RBP=0x0000000000000001, RSI=0x0000000000000001, RDI=0x00000153e1b88380
R8 =0x0000000000000000, R9 =0x00000153e1b88380, R10=0x00000153e13316b0, R11=0x00000153e1331550
R12=0x00007fff83730000, R13=0x00000153e13314b0, R14=0x0000000000000000, R15=0x0000000000000082
RIP=0x00007fff8393e878, EFLAGS=0x0000000000010202

Top of Stack: (sp=0x00000032eeefea28)
0x00000032eeefea28:   00007fff83a2fcb3 00000032eeefeaa0
0x00000032eeefea38:   00007fff83839cfe 00000032eeefeaa0
0x00000032eeefea48:   00007fff83839cfe 0000015300000000
0x00000032eeefea58:   00000000000000f0 00000032eeefecd0
0x00000032eeefea68:   00007fff83a309b3 000063e93ba0ff8b
0x00000032eeefea78:   00000032eeefecd0 0000000000000000
0x00000032eeefea88:   00000000000000f0 00000032eeefecd0
0x00000032eeefea98:   00007fff83a321e2 00000032eeefecd0
0x00000032eeefeaa8:   00000032eeefeb40 0000000000000001
0x00000032eeefeab8:   00007fff83839cfe 000000320000005e
0x00000032eeefeac8:   0000000000000006 0000000000000000
0x00000032eeefead8:   00000032eeefeb40 0000000000000006
0x00000032eeefeae8:   00007fff8373c1a6 00000153e1b88970
0x00000032eeefeaf8:   00000032eeefecd0 0000000000000082
0x00000032eeefeb08:   0000000000000006 00000032eeefecd0
0x00000032eeefeb18:   00007fff83a328ee 00000032eeefeb70 

Instructions: (pc=0x00007fff8393e878)
0x00007fff8393e778:   03 03 03 03 03 03 03 03 03 03 03 03 03 03 03 03
0x00007fff8393e788:   03 03 03 03 03 03 03 03 03 03 03 03 03 03 03 03
0x00007fff8393e798:   03 03 03 03 03 03 03 03 03 03 03 03 03 03 03 03
0x00007fff8393e7a8:   03 03 03 03 03 03 03 03 03 03 03 03 03 03 03 03
0x00007fff8393e7b8:   03 03 03 02 03 03 02 cc 48 89 5c 24 08 48 89 74
0x00007fff8393e7c8:   24 10 57 48 83 ec 20 48 63 da 41 0f b6 f0 48 8b
0x00007fff8393e7d8:   f9 85 d2 79 24 4c 8d 0d 9c 97 66 00 ba af 02 00
0x00007fff8393e7e8:   00 4c 8d 05 c8 97 66 00 48 8d 0d 41 97 66 00 e8
0x00007fff8393e7f8:   54 79 00 00 e8 3f c1 41 00 40 84 f6 75 18 48 8b
0x00007fff8393e808:   4f 10 48 85 c9 74 0f 48 8d 43 01 48 c1 e0 05 48
0x00007fff8393e818:   8b 04 08 0f b7 d8 48 8b 74 24 38 48 63 c3 48 8b
0x00007fff8393e828:   5c 24 30 0f b7 44 c7 48 48 83 c4 20 5f c3 cc cc
0x00007fff8393e838:   cc cc cc cc cc cc cc cc 4c 8b c9 45 84 c0 75 41
0x00007fff8393e848:   48 8b 49 10 48 85 c9 74 38 85 d2 79 19 f7 d2 8b
0x00007fff8393e858:   c2 48 ff c0 48 c1 e0 05 48 8b 04 08 0f b7 c8 41
0x00007fff8393e868:   0f b7 44 c9 4a c3 48 63 c2 48 ff c0 48 c1 e0 05
0x00007fff8393e878:   48 8b 04 08 0f b7 d0 48 63 c2 41 0f b7 44 c1 4a
0x00007fff8393e888:   c3 49 8b 41 08 4c 63 c2 42 0f b6 44 00 04 8d 48
0x00007fff8393e898:   ef 80 f9 01 76 0e 3c 6a 74 0a 48 63 c2 41 0f b7
0x00007fff8393e8a8:   44 c1 4a c3 43 0f b7 44 c1 4a c3 cc cc cc cc cc
0x00007fff8393e8b8:   cc cc cc cc cc cc cc cc 40 53 48 83 ec 20 48 8b
0x00007fff8393e8c8:   d9 e8 72 ff ff ff 48 63 d0 0f b7 44 d3 48 48 8b
0x00007fff8393e8d8:   44 c3 48 48 83 c4 20 5b c3 cc cc cc cc cc cc cc
0x00007fff8393e8e8:   cc cc cc cc cc cc cc cc 40 53 48 83 ec 20 48 8b
0x00007fff8393e8f8:   d9 e8 42 ff ff ff 48 63 d0 0f b7 44 d3 4a 48 8b
0x00007fff8393e908:   44 c3 48 48 83 c4 20 5b c3 cc cc cc cc cc cc cc
0x00007fff8393e918:   cc cc cc cc cc cc cc cc 4c 8b d1 45 84 c9 75 28
0x00007fff8393e928:   4c 8b 49 10 4d 85 c9 74 1f 45 85 c0 79 08 41 f7
0x00007fff8393e938:   d0 41 8b c0 eb 03 49 63 c0 48 ff c0 48 c1 e0 05
0x00007fff8393e948:   4a 8b 04 08 44 0f b7 c0 49 8b 42 08 49 63 c8 0f
0x00007fff8393e958:   b6 4c 08 04 48 8b c2 88 0a c3 cc cc cc cc cc cc
0x00007fff8393e968:   cc cc cc cc cc cc cc cc 40 56 57 41 54 41 56 41 


Stack slot to memory mapping:
stack at sp + 0 slots: 0x00007fff83a2fcb3 jvm.dll
stack at sp + 1 slots: 0x00000032eeefeaa0 is pointing into the stack for thread: 0x00000153e0e9b020
stack at sp + 2 slots: 0x00007fff83839cfe jvm.dll
stack at sp + 3 slots: 0x00000032eeefeaa0 is pointing into the stack for thread: 0x00000153e0e9b020
stack at sp + 4 slots: 0x00007fff83839cfe jvm.dll
stack at sp + 5 slots: 0x0000015300000000 is an unknown value
stack at sp + 6 slots: 0x00000000000000f0 is an unknown value
stack at sp + 7 slots: 0x00000032eeefecd0 is pointing into the stack for thread: 0x00000153e0e9b020


---------------  P R O C E S S  ---------------

Threads class SMR info:
_java_thread_list=0x00000153e15fe830, length=14, elements={
0x00000153c15008e0, 0x00000153e0b63020, 0x00000153e0b65ae0, 0x00000153e0b84320,
0x00000153e0b84be0, 0x00000153e0b876a0, 0x00000153e0b90540, 0x00000153e0b945e0,
0x00000153e0b950d0, 0x00000153e02c3c80, 0x00000153e0e9b020, 0x00000153e0e7e2a0,
0x00000153e0e96760, 0x00000153e140e3d0
}

Java Threads: ( => current thread )
  0x00000153c15008e0 JavaThread "main" [_thread_blocked, id=15864, stack(0x00000032edd00000,0x00000032ede00000)]
  0x00000153e0b63020 JavaThread "Reference Handler" daemon [_thread_blocked, id=18332, stack(0x00000032ee400000,0x00000032ee500000)]
  0x00000153e0b65ae0 JavaThread "Finalizer" daemon [_thread_blocked, id=12296, stack(0x00000032ee500000,0x00000032ee600000)]
  0x00000153e0b84320 JavaThread "Signal Dispatcher" daemon [_thread_blocked, id=9540, stack(0x00000032ee600000,0x00000032ee700000)]
  0x00000153e0b84be0 JavaThread "Attach Listener" daemon [_thread_blocked, id=15920, stack(0x00000032ee700000,0x00000032ee800000)]
  0x00000153e0b876a0 JavaThread "Service Thread" daemon [_thread_blocked, id=19664, stack(0x00000032ee800000,0x00000032ee900000)]
  0x00000153e0b90540 JavaThread "C2 CompilerThread0" daemon [_thread_blocked, id=9004, stack(0x00000032ee900000,0x00000032eea00000)]
  0x00000153e0b945e0 JavaThread "C1 CompilerThread0" daemon [_thread_blocked, id=18584, stack(0x00000032eea00000,0x00000032eeb00000)]
  0x00000153e0b950d0 JavaThread "Sweeper thread" daemon [_thread_blocked, id=11660, stack(0x00000032eeb00000,0x00000032eec00000)]
  0x00000153e02c3c80 JavaThread "Common-Cleaner" daemon [_thread_blocked, id=3056, stack(0x00000032eec00000,0x00000032eed00000)]
=>0x00000153e0e9b020 JavaThread "JDWP Transport Listener: dt_socket" daemon [_thread_in_vm, id=14576, stack(0x00000032eee00000,0x00000032eef00000)]
  0x00000153e0e7e2a0 JavaThread "JDWP Event Helper Thread" daemon [_thread_blocked, id=22468, stack(0x00000032eef00000,0x00000032ef000000)]
  0x00000153e0e96760 JavaThread "JDWP Command Reader" daemon [_thread_in_native, id=14968, stack(0x00000032ef000000,0x00000032ef100000)]
  0x00000153e140e3d0 JavaThread "Notification Thread" daemon [_thread_blocked, id=11372, stack(0x00000032ef100000,0x00000032ef200000)]

Other Threads:
  0x00000153e0b2c650 VMThread "VM Thread" [stack: 0x00000032ee300000,0x00000032ee400000] [id=19768]
  0x00000153e1373e40 WatcherThread [stack: 0x00000032ef200000,0x00000032ef300000] [id=21232]
  0x00000153c1551af0 GCTaskThread "GC Thread#0" [stack: 0x00000032ede00000,0x00000032edf00000] [id=22200]
  0x00000153c1563a20 ConcurrentGCThread "G1 Main Marker" [stack: 0x00000032edf00000,0x00000032ee000000] [id=5392]
  0x00000153c1564690 ConcurrentGCThread "G1 Conc#0" [stack: 0x00000032ee000000,0x00000032ee100000] [id=22112]
  0x00000153c15ddb70 ConcurrentGCThread "G1 Refine#0" [stack: 0x00000032ee100000,0x00000032ee200000] [id=15324]
  0x00000153c15de770 ConcurrentGCThread "G1 Young RemSet Sampling" [stack: 0x00000032ee200000,0x00000032ee300000] [id=2936]

Threads with active compile tasks:

VM state: not at safepoint (normal execution)

VM Mutex/Monitor currently owned by a thread: None

Heap address: 0x0000000703a00000, size: 4038 MB, Compressed Oops mode: Zero based, Oop shift amount: 3
CDS disabled.
Compressed class space mapped at: 0x0000000800000000-0x0000000840000000, size: 1073741824
Narrow klass base: 0x0000000800000000, Narrow klass shift: 0, Narrow klass range: 0x40000000

GC Precious Log:
 CPUs: 8 total, 8 available
 Memory: 16149M
 Large Page Support: Disabled
 NUMA Support: Disabled
 Compressed Oops: Enabled (Zero based)
 Heap Region Size: 2M
 Heap Min Capacity: 8M
 Heap Initial Capacity: 254M
 Heap Max Capacity: 4038M
 Pre-touch: Disabled
 Parallel Workers: 8
 Concurrent Workers: 2
 Concurrent Refinement Workers: 8
 Periodic GC: Disabled

Heap:
 garbage-first heap   total 260096K, used 6144K [0x0000000703a00000, 0x0000000800000000)
  region size 2048K, 4 young (8192K), 0 survivors (0K)
 Metaspace       used 10212K, capacity 10382K, committed 10496K, reserved 1058816K
  class space    used 881K, capacity 921K, committed 1024K, reserved 1048576K

Heap Regions: E=young(eden), S=young(survivor), O=old, HS=humongous(starts), HC=humongous(continues), CS=collection set, F=free, OA=open archive, CA=closed archive, TAMS=top-at-mark-start (previous, next)
|   0|0x0000000703a00000, 0x0000000703a00000, 0x0000000703c00000|  0%| F|  |TAMS 0x0000000703a00000, 0x0000000703a00000| Untracked 
|   1|0x0000000703c00000, 0x0000000703c00000, 0x0000000703e00000|  0%| F|  |TAMS 0x0000000703c00000, 0x0000000703c00000| Untracked 
|   2|0x0000000703e00000, 0x0000000703e00000, 0x0000000704000000|  0%| F|  |TAMS 0x0000000703e00000, 0x0000000703e00000| Untracked 
|   3|0x0000000704000000, 0x0000000704000000, 0x0000000704200000|  0%| F|  |TAMS 0x0000000704000000, 0x0000000704000000| Untracked 
|   4|0x0000000704200000, 0x0000000704200000, 0x0000000704400000|  0%| F|  |TAMS 0x0000000704200000, 0x0000000704200000| Untracked 
|   5|0x0000000704400000, 0x0000000704400000, 0x0000000704600000|  0%| F|  |TAMS 0x0000000704400000, 0x0000000704400000| Untracked 
|   6|0x0000000704600000, 0x0000000704600000, 0x0000000704800000|  0%| F|  |TAMS 0x0000000704600000, 0x0000000704600000| Untracked 
|   7|0x0000000704800000, 0x0000000704800000, 0x0000000704a00000|  0%| F|  |TAMS 0x0000000704800000, 0x0000000704800000| Untracked 
|   8|0x0000000704a00000, 0x0000000704a00000, 0x0000000704c00000|  0%| F|  |TAMS 0x0000000704a00000, 0x0000000704a00000| Untracked 
|   9|0x0000000704c00000, 0x0000000704c00000, 0x0000000704e00000|  0%| F|  |TAMS 0x0000000704c00000, 0x0000000704c00000| Untracked 
|  10|0x0000000704e00000, 0x0000000704e00000, 0x0000000705000000|  0%| F|  |TAMS 0x0000000704e00000, 0x0000000704e00000| Untracked 
|  11|0x0000000705000000, 0x0000000705000000, 0x0000000705200000|  0%| F|  |TAMS 0x0000000705000000, 0x0000000705000000| Untracked 
|  12|0x0000000705200000, 0x0000000705200000, 0x0000000705400000|  0%| F|  |TAMS 0x0000000705200000, 0x0000000705200000| Untracked 
|  13|0x0000000705400000, 0x0000000705400000, 0x0000000705600000|  0%| F|  |TAMS 0x0000000705400000, 0x0000000705400000| Untracked 
|  14|0x0000000705600000, 0x0000000705600000, 0x0000000705800000|  0%| F|  |TAMS 0x0000000705600000, 0x0000000705600000| Untracked 
|  15|0x0000000705800000, 0x0000000705800000, 0x0000000705a00000|  0%| F|  |TAMS 0x0000000705800000, 0x0000000705800000| Untracked 
|  16|0x0000000705a00000, 0x0000000705a00000, 0x0000000705c00000|  0%| F|  |TAMS 0x0000000705a00000, 0x0000000705a00000| Untracked 
|  17|0x0000000705c00000, 0x0000000705c00000, 0x0000000705e00000|  0%| F|  |TAMS 0x0000000705c00000, 0x0000000705c00000| Untracked 
|  18|0x0000000705e00000, 0x0000000705e00000, 0x0000000706000000|  0%| F|  |TAMS 0x0000000705e00000, 0x0000000705e00000| Untracked 
|  19|0x0000000706000000, 0x0000000706000000, 0x0000000706200000|  0%| F|  |TAMS 0x0000000706000000, 0x0000000706000000| Untracked 
|  20|0x0000000706200000, 0x0000000706200000, 0x0000000706400000|  0%| F|  |TAMS 0x0000000706200000, 0x0000000706200000| Untracked 
|  21|0x0000000706400000, 0x0000000706400000, 0x0000000706600000|  0%| F|  |TAMS 0x0000000706400000, 0x0000000706400000| Untracked 
|  22|0x0000000706600000, 0x0000000706600000, 0x0000000706800000|  0%| F|  |TAMS 0x0000000706600000, 0x0000000706600000| Untracked 
|  23|0x0000000706800000, 0x0000000706800000, 0x0000000706a00000|  0%| F|  |TAMS 0x0000000706800000, 0x0000000706800000| Untracked 
|  24|0x0000000706a00000, 0x0000000706a00000, 0x0000000706c00000|  0%| F|  |TAMS 0x0000000706a00000, 0x0000000706a00000| Untracked 
|  25|0x0000000706c00000, 0x0000000706c00000, 0x0000000706e00000|  0%| F|  |TAMS 0x0000000706c00000, 0x0000000706c00000| Untracked 
|  26|0x0000000706e00000, 0x0000000706e00000, 0x0000000707000000|  0%| F|  |TAMS 0x0000000706e00000, 0x0000000706e00000| Untracked 
|  27|0x0000000707000000, 0x0000000707000000, 0x0000000707200000|  0%| F|  |TAMS 0x0000000707000000, 0x0000000707000000| Untracked 
|  28|0x0000000707200000, 0x0000000707200000, 0x0000000707400000|  0%| F|  |TAMS 0x0000000707200000, 0x0000000707200000| Untracked 
|  29|0x0000000707400000, 0x0000000707400000, 0x0000000707600000|  0%| F|  |TAMS 0x0000000707400000, 0x0000000707400000| Untracked 
|  30|0x0000000707600000, 0x0000000707600000, 0x0000000707800000|  0%| F|  |TAMS 0x0000000707600000, 0x0000000707600000| Untracked 
|  31|0x0000000707800000, 0x0000000707800000, 0x0000000707a00000|  0%| F|  |TAMS 0x0000000707800000, 0x0000000707800000| Untracked 
|  32|0x0000000707a00000, 0x0000000707a00000, 0x0000000707c00000|  0%| F|  |TAMS 0x0000000707a00000, 0x0000000707a00000| Untracked 
|  33|0x0000000707c00000, 0x0000000707c00000, 0x0000000707e00000|  0%| F|  |TAMS 0x0000000707c00000, 0x0000000707c00000| Untracked 
|  34|0x0000000707e00000, 0x0000000707e00000, 0x0000000708000000|  0%| F|  |TAMS 0x0000000707e00000, 0x0000000707e00000| Untracked 
|  35|0x0000000708000000, 0x0000000708000000, 0x0000000708200000|  0%| F|  |TAMS 0x0000000708000000, 0x0000000708000000| Untracked 
|  36|0x0000000708200000, 0x0000000708200000, 0x0000000708400000|  0%| F|  |TAMS 0x0000000708200000, 0x0000000708200000| Untracked 
|  37|0x0000000708400000, 0x0000000708400000, 0x0000000708600000|  0%| F|  |TAMS 0x0000000708400000, 0x0000000708400000| Untracked 
|  38|0x0000000708600000, 0x0000000708600000, 0x0000000708800000|  0%| F|  |TAMS 0x0000000708600000, 0x0000000708600000| Untracked 
|  39|0x0000000708800000, 0x0000000708800000, 0x0000000708a00000|  0%| F|  |TAMS 0x0000000708800000, 0x0000000708800000| Untracked 
|  40|0x0000000708a00000, 0x0000000708a00000, 0x0000000708c00000|  0%| F|  |TAMS 0x0000000708a00000, 0x0000000708a00000| Untracked 
|  41|0x0000000708c00000, 0x0000000708c00000, 0x0000000708e00000|  0%| F|  |TAMS 0x0000000708c00000, 0x0000000708c00000| Untracked 
|  42|0x0000000708e00000, 0x0000000708e00000, 0x0000000709000000|  0%| F|  |TAMS 0x0000000708e00000, 0x0000000708e00000| Untracked 
|  43|0x0000000709000000, 0x0000000709000000, 0x0000000709200000|  0%| F|  |TAMS 0x0000000709000000, 0x0000000709000000| Untracked 
|  44|0x0000000709200000, 0x0000000709200000, 0x0000000709400000|  0%| F|  |TAMS 0x0000000709200000, 0x0000000709200000| Untracked 
|  45|0x0000000709400000, 0x0000000709400000, 0x0000000709600000|  0%| F|  |TAMS 0x0000000709400000, 0x0000000709400000| Untracked 
|  46|0x0000000709600000, 0x0000000709600000, 0x0000000709800000|  0%| F|  |TAMS 0x0000000709600000, 0x0000000709600000| Untracked 
|  47|0x0000000709800000, 0x0000000709800000, 0x0000000709a00000|  0%| F|  |TAMS 0x0000000709800000, 0x0000000709800000| Untracked 
|  48|0x0000000709a00000, 0x0000000709a00000, 0x0000000709c00000|  0%| F|  |TAMS 0x0000000709a00000, 0x0000000709a00000| Untracked 
|  49|0x0000000709c00000, 0x0000000709c00000, 0x0000000709e00000|  0%| F|  |TAMS 0x0000000709c00000, 0x0000000709c00000| Untracked 
|  50|0x0000000709e00000, 0x0000000709e00000, 0x000000070a000000|  0%| F|  |TAMS 0x0000000709e00000, 0x0000000709e00000| Untracked 
|  51|0x000000070a000000, 0x000000070a000000, 0x000000070a200000|  0%| F|  |TAMS 0x000000070a000000, 0x000000070a000000| Untracked 
|  52|0x000000070a200000, 0x000000070a200000, 0x000000070a400000|  0%| F|  |TAMS 0x000000070a200000, 0x000000070a200000| Untracked 
|  53|0x000000070a400000, 0x000000070a400000, 0x000000070a600000|  0%| F|  |TAMS 0x000000070a400000, 0x000000070a400000| Untracked 
|  54|0x000000070a600000, 0x000000070a600000, 0x000000070a800000|  0%| F|  |TAMS 0x000000070a600000, 0x000000070a600000| Untracked 
|  55|0x000000070a800000, 0x000000070a800000, 0x000000070aa00000|  0%| F|  |TAMS 0x000000070a800000, 0x000000070a800000| Untracked 
|  56|0x000000070aa00000, 0x000000070aa00000, 0x000000070ac00000|  0%| F|  |TAMS 0x000000070aa00000, 0x000000070aa00000| Untracked 
|  57|0x000000070ac00000, 0x000000070ac00000, 0x000000070ae00000|  0%| F|  |TAMS 0x000000070ac00000, 0x000000070ac00000| Untracked 
|  58|0x000000070ae00000, 0x000000070ae00000, 0x000000070b000000|  0%| F|  |TAMS 0x000000070ae00000, 0x000000070ae00000| Untracked 
|  59|0x000000070b000000, 0x000000070b000000, 0x000000070b200000|  0%| F|  |TAMS 0x000000070b000000, 0x000000070b000000| Untracked 
|  60|0x000000070b200000, 0x000000070b200000, 0x000000070b400000|  0%| F|  |TAMS 0x000000070b200000, 0x000000070b200000| Untracked 
|  61|0x000000070b400000, 0x000000070b400000, 0x000000070b600000|  0%| F|  |TAMS 0x000000070b400000, 0x000000070b400000| Untracked 
|  62|0x000000070b600000, 0x000000070b600000, 0x000000070b800000|  0%| F|  |TAMS 0x000000070b600000, 0x000000070b600000| Untracked 
|  63|0x000000070b800000, 0x000000070b800000, 0x000000070ba00000|  0%| F|  |TAMS 0x000000070b800000, 0x000000070b800000| Untracked 
|  64|0x000000070ba00000, 0x000000070ba00000, 0x000000070bc00000|  0%| F|  |TAMS 0x000000070ba00000, 0x000000070ba00000| Untracked 
|  65|0x000000070bc00000, 0x000000070bc00000, 0x000000070be00000|  0%| F|  |TAMS 0x000000070bc00000, 0x000000070bc00000| Untracked 
|  66|0x000000070be00000, 0x000000070be00000, 0x000000070c000000|  0%| F|  |TAMS 0x000000070be00000, 0x000000070be00000| Untracked 
|  67|0x000000070c000000, 0x000000070c000000, 0x000000070c200000|  0%| F|  |TAMS 0x000000070c000000, 0x000000070c000000| Untracked 
|  68|0x000000070c200000, 0x000000070c200000, 0x000000070c400000|  0%| F|  |TAMS 0x000000070c200000, 0x000000070c200000| Untracked 
|  69|0x000000070c400000, 0x000000070c400000, 0x000000070c600000|  0%| F|  |TAMS 0x000000070c400000, 0x000000070c400000| Untracked 
|  70|0x000000070c600000, 0x000000070c600000, 0x000000070c800000|  0%| F|  |TAMS 0x000000070c600000, 0x000000070c600000| Untracked 
|  71|0x000000070c800000, 0x000000070c800000, 0x000000070ca00000|  0%| F|  |TAMS 0x000000070c800000, 0x000000070c800000| Untracked 
|  72|0x000000070ca00000, 0x000000070ca00000, 0x000000070cc00000|  0%| F|  |TAMS 0x000000070ca00000, 0x000000070ca00000| Untracked 
|  73|0x000000070cc00000, 0x000000070cc00000, 0x000000070ce00000|  0%| F|  |TAMS 0x000000070cc00000, 0x000000070cc00000| Untracked 
|  74|0x000000070ce00000, 0x000000070ce00000, 0x000000070d000000|  0%| F|  |TAMS 0x000000070ce00000, 0x000000070ce00000| Untracked 
|  75|0x000000070d000000, 0x000000070d000000, 0x000000070d200000|  0%| F|  |TAMS 0x000000070d000000, 0x000000070d000000| Untracked 
|  76|0x000000070d200000, 0x000000070d200000, 0x000000070d400000|  0%| F|  |TAMS 0x000000070d200000, 0x000000070d200000| Untracked 
|  77|0x000000070d400000, 0x000000070d400000, 0x000000070d600000|  0%| F|  |TAMS 0x000000070d400000, 0x000000070d400000| Untracked 
|  78|0x000000070d600000, 0x000000070d600000, 0x000000070d800000|  0%| F|  |TAMS 0x000000070d600000, 0x000000070d600000| Untracked 
|  79|0x000000070d800000, 0x000000070d800000, 0x000000070da00000|  0%| F|  |TAMS 0x000000070d800000, 0x000000070d800000| Untracked 
|  80|0x000000070da00000, 0x000000070da00000, 0x000000070dc00000|  0%| F|  |TAMS 0x000000070da00000, 0x000000070da00000| Untracked 
|  81|0x000000070dc00000, 0x000000070dc00000, 0x000000070de00000|  0%| F|  |TAMS 0x000000070dc00000, 0x000000070dc00000| Untracked 
|  82|0x000000070de00000, 0x000000070de00000, 0x000000070e000000|  0%| F|  |TAMS 0x000000070de00000, 0x000000070de00000| Untracked 
|  83|0x000000070e000000, 0x000000070e000000, 0x000000070e200000|  0%| F|  |TAMS 0x000000070e000000, 0x000000070e000000| Untracked 
|  84|0x000000070e200000, 0x000000070e200000, 0x000000070e400000|  0%| F|  |TAMS 0x000000070e200000, 0x000000070e200000| Untracked 
|  85|0x000000070e400000, 0x000000070e400000, 0x000000070e600000|  0%| F|  |TAMS 0x000000070e400000, 0x000000070e400000| Untracked 
|  86|0x000000070e600000, 0x000000070e600000, 0x000000070e800000|  0%| F|  |TAMS 0x000000070e600000, 0x000000070e600000| Untracked 
|  87|0x000000070e800000, 0x000000070e800000, 0x000000070ea00000|  0%| F|  |TAMS 0x000000070e800000, 0x000000070e800000| Untracked 
|  88|0x000000070ea00000, 0x000000070ea00000, 0x000000070ec00000|  0%| F|  |TAMS 0x000000070ea00000, 0x000000070ea00000| Untracked 
|  89|0x000000070ec00000, 0x000000070ec00000, 0x000000070ee00000|  0%| F|  |TAMS 0x000000070ec00000, 0x000000070ec00000| Untracked 
|  90|0x000000070ee00000, 0x000000070ee00000, 0x000000070f000000|  0%| F|  |TAMS 0x000000070ee00000, 0x000000070ee00000| Untracked 
|  91|0x000000070f000000, 0x000000070f000000, 0x000000070f200000|  0%| F|  |TAMS 0x000000070f000000, 0x000000070f000000| Untracked 
|  92|0x000000070f200000, 0x000000070f200000, 0x000000070f400000|  0%| F|  |TAMS 0x000000070f200000, 0x000000070f200000| Untracked 
|  93|0x000000070f400000, 0x000000070f400000, 0x000000070f600000|  0%| F|  |TAMS 0x000000070f400000, 0x000000070f400000| Untracked 
|  94|0x000000070f600000, 0x000000070f600000, 0x000000070f800000|  0%| F|  |TAMS 0x000000070f600000, 0x000000070f600000| Untracked 
|  95|0x000000070f800000, 0x000000070f800000, 0x000000070fa00000|  0%| F|  |TAMS 0x000000070f800000, 0x000000070f800000| Untracked 
|  96|0x000000070fa00000, 0x000000070fa00000, 0x000000070fc00000|  0%| F|  |TAMS 0x000000070fa00000, 0x000000070fa00000| Untracked 
|  97|0x000000070fc00000, 0x000000070fc00000, 0x000000070fe00000|  0%| F|  |TAMS 0x000000070fc00000, 0x000000070fc00000| Untracked 
|  98|0x000000070fe00000, 0x000000070fe00000, 0x0000000710000000|  0%| F|  |TAMS 0x000000070fe00000, 0x000000070fe00000| Untracked 
|  99|0x0000000710000000, 0x0000000710000000, 0x0000000710200000|  0%| F|  |TAMS 0x0000000710000000, 0x0000000710000000| Untracked 
| 100|0x0000000710200000, 0x0000000710200000, 0x0000000710400000|  0%| F|  |TAMS 0x0000000710200000, 0x0000000710200000| Untracked 
| 101|0x0000000710400000, 0x0000000710400000, 0x0000000710600000|  0%| F|  |TAMS 0x0000000710400000, 0x0000000710400000| Untracked 
| 102|0x0000000710600000, 0x0000000710600000, 0x0000000710800000|  0%| F|  |TAMS 0x0000000710600000, 0x0000000710600000| Untracked 
| 103|0x0000000710800000, 0x0000000710800000, 0x0000000710a00000|  0%| F|  |TAMS 0x0000000710800000, 0x0000000710800000| Untracked 
| 104|0x0000000710a00000, 0x0000000710a00000, 0x0000000710c00000|  0%| F|  |TAMS 0x0000000710a00000, 0x0000000710a00000| Untracked 
| 105|0x0000000710c00000, 0x0000000710c00000, 0x0000000710e00000|  0%| F|  |TAMS 0x0000000710c00000, 0x0000000710c00000| Untracked 
| 106|0x0000000710e00000, 0x0000000710e00000, 0x0000000711000000|  0%| F|  |TAMS 0x0000000710e00000, 0x0000000710e00000| Untracked 
| 107|0x0000000711000000, 0x0000000711000000, 0x0000000711200000|  0%| F|  |TAMS 0x0000000711000000, 0x0000000711000000| Untracked 
| 108|0x0000000711200000, 0x0000000711200000, 0x0000000711400000|  0%| F|  |TAMS 0x0000000711200000, 0x0000000711200000| Untracked 
| 109|0x0000000711400000, 0x0000000711400000, 0x0000000711600000|  0%| F|  |TAMS 0x0000000711400000, 0x0000000711400000| Untracked 
| 110|0x0000000711600000, 0x0000000711600000, 0x0000000711800000|  0%| F|  |TAMS 0x0000000711600000, 0x0000000711600000| Untracked 
| 111|0x0000000711800000, 0x0000000711800000, 0x0000000711a00000|  0%| F|  |TAMS 0x0000000711800000, 0x0000000711800000| Untracked 
| 112|0x0000000711a00000, 0x0000000711a00000, 0x0000000711c00000|  0%| F|  |TAMS 0x0000000711a00000, 0x0000000711a00000| Untracked 
| 113|0x0000000711c00000, 0x0000000711c00000, 0x0000000711e00000|  0%| F|  |TAMS 0x0000000711c00000, 0x0000000711c00000| Untracked 
| 114|0x0000000711e00000, 0x0000000711e00000, 0x0000000712000000|  0%| F|  |TAMS 0x0000000711e00000, 0x0000000711e00000| Untracked 
| 115|0x0000000712000000, 0x0000000712000000, 0x0000000712200000|  0%| F|  |TAMS 0x0000000712000000, 0x0000000712000000| Untracked 
| 116|0x0000000712200000, 0x0000000712200000, 0x0000000712400000|  0%| F|  |TAMS 0x0000000712200000, 0x0000000712200000| Untracked 
| 117|0x0000000712400000, 0x0000000712400000, 0x0000000712600000|  0%| F|  |TAMS 0x0000000712400000, 0x0000000712400000| Untracked 
| 118|0x0000000712600000, 0x0000000712600000, 0x0000000712800000|  0%| F|  |TAMS 0x0000000712600000, 0x0000000712600000| Untracked 
| 119|0x0000000712800000, 0x0000000712800000, 0x0000000712a00000|  0%| F|  |TAMS 0x0000000712800000, 0x0000000712800000| Untracked 
| 120|0x0000000712a00000, 0x0000000712a00000, 0x0000000712c00000|  0%| F|  |TAMS 0x0000000712a00000, 0x0000000712a00000| Untracked 
| 121|0x0000000712c00000, 0x0000000712c00000, 0x0000000712e00000|  0%| F|  |TAMS 0x0000000712c00000, 0x0000000712c00000| Untracked 
| 122|0x0000000712e00000, 0x0000000712e00000, 0x0000000713000000|  0%| F|  |TAMS 0x0000000712e00000, 0x0000000712e00000| Untracked 
| 123|0x0000000713000000, 0x00000007130e1db8, 0x0000000713200000| 44%| E|  |TAMS 0x0000000713000000, 0x0000000713000000| Complete 
| 124|0x0000000713200000, 0x0000000713400000, 0x0000000713400000|100%| E|CS|TAMS 0x0000000713200000, 0x0000000713200000| Complete 
| 125|0x0000000713400000, 0x0000000713600000, 0x0000000713600000|100%| E|CS|TAMS 0x0000000713400000, 0x0000000713400000| Complete 
| 126|0x0000000713600000, 0x0000000713800000, 0x0000000713800000|100%| E|CS|TAMS 0x0000000713600000, 0x0000000713600000| Complete 

Card table byte_map: [0x00000153d4a40000,0x00000153d5230000] _byte_map_base: 0x00000153d1223000

Marking Bits (Prev, Next): (CMBitMap*) 0x00000153c1553370, (CMBitMap*) 0x00000153c15533b0
 Prev Bits: [0x00000153d5a20000, 0x00000153d9938000)
 Next Bits: [0x00000153d9940000, 0x00000153dd858000)

Polling page: 0x00000153bf510000

Metaspace:

Usage:
  Non-class:      9.24 MB capacity,     9.11 MB ( 99%) used,   123.59 KB (  1%) free+waste,     6.50 KB ( <1%) overhead. 
      Class:    921.00 KB capacity,   881.73 KB ( 96%) used,    37.27 KB (  4%) free+waste,     2.00 KB ( <1%) overhead. 
       Both:     10.14 MB capacity,     9.97 MB ( 98%) used,   160.86 KB (  2%) free+waste,     8.50 KB ( <1%) overhead. 

Virtual space:
  Non-class space:       10.00 MB reserved,       9.25 MB ( 92%) committed 
      Class space:        1.00 GB reserved,       1.00 MB ( <1%) committed 
             Both:        1.01 GB reserved,      10.25 MB ( <1%) committed 

Chunk freelists:
   Non-Class:  11.00 KB
       Class:  7.00 KB
        Both:  18.00 KB

MaxMetaspaceSize: 17179869184.00 GB
CompressedClassSpaceSize: 1.00 GB

CodeHeap 'non-profiled nmethods': size=120000Kb used=154Kb max_used=154Kb free=119845Kb
 bounds [0x00000153cc9f0000, 0x00000153ccc60000, 0x00000153d3f20000]
CodeHeap 'profiled nmethods': size=120000Kb used=623Kb max_used=623Kb free=119376Kb
 bounds [0x00000153c54c0000, 0x00000153c5730000, 0x00000153cc9f0000]
CodeHeap 'non-nmethods': size=5760Kb used=1244Kb max_used=1267Kb free=4516Kb
 bounds [0x00000153c4f20000, 0x00000153c5190000, 0x00000153c54c0000]
 total_blobs=873 nmethods=475 adapters=311
 compilation: enabled
              stopped_count=0, restarted_count=0
 full_count=0

Compilation events (20 events):
Event: 0.367 Thread 0x00000153e0b945e0 nmethod 463 0x00000153c555ab10 code [0x00000153c555acc0, 0x00000153c555ae08]
Event: 0.368 Thread 0x00000153e0ec46e0 nmethod 466 0x00000153cca15590 code [0x00000153cca15720, 0x00000153cca15858]
Event: 0.368 Thread 0x00000153e0b945e0  467       3       java.lang.StringUTF16::getChar (60 bytes)
Event: 0.368 Thread 0x00000153e0b945e0 nmethod 467 0x00000153c555ae90 code [0x00000153c555b020, 0x00000153c555b178]
Event: 0.368 Thread 0x00000153e0ec46e0  468       4       java.lang.StringUTF16::getChar (60 bytes)
Event: 0.369 Thread 0x00000153e0ec46e0 nmethod 468 0x00000153cca15990 code [0x00000153cca15b00, 0x00000153cca15bd8]
Event: 174.319 Thread 0x00000153e0b945e0  472       3       org.eclipse.jdt.launching.internal.org.objectweb.asm.ClassReader::readUTF8 (23 bytes)
Event: 174.319 Thread 0x00000153e0b90540  473       4       org.eclipse.jdt.launching.internal.org.objectweb.asm.ClassReader::readUnsignedShort (26 bytes)
Event: 174.319 Thread 0x00000153e0b945e0 nmethod 472 0x00000153c555b290 code [0x00000153c555b440, 0x00000153c555b678]
Event: 174.321 Thread 0x00000153e0b90540 

Event: 232.752 Thread 0x00000153e0b945e0  474       3       org.eclipse.jdt.launching.internal.org.objectweb.asm.SymbolTable::addConstantUtf8 (20 bytes)
Event: 232.753 Thread 0x00000153e0b945e0 nmethod 474 0x00000153c555b790 code [0x00000153c555b960, 0x00000153c555bc08]
Event: 258.661 Thread 0x00000153e0b945e0  475       1       sun.instrument.TransformerManager::getSnapshotTransformerList (5 bytes)
Event: 258.661 Thread 0x00000153e0b945e0 nmethod 475 0x00000153cca16590 code [0x00000153cca16720, 0x00000153cca167d8]
Event: 337.655 Thread 0x00000153e0b945e0  476       1       sun.instrument.TransformerManager$TransformerInfo::transformer (5 bytes)
Event: 337.655 Thread 0x00000153e0b945e0 nmethod 476 0x00000153cca16890 code [0x00000153cca16a20, 0x00000153cca16ad8]
Event: 337.655 Thread 0x00000153e0b90540  477       4       java.lang.AbstractStringBuilder::ensureCapacityInternal (39 bytes)
Event: 337.659 Thread 0x00000153e0b90540 

Event: 371.317 Thread 0x00000153e0b90540  478       4       org.eclipse.jdt.launching.internal.org.objectweb.asm.ClassReader::readUnsignedShort (26 bytes)
Event: 371.319 Thread 0x00000153e0b90540 


GC Heap History (0 events):
No events

Deoptimization events (20 events):
Event: 0.319 Thread 0x00000153c15008e0 DEOPT PACKING pc=0x00000153c55305ed sp=0x00000032eddfbbb0
Event: 0.319 Thread 0x00000153c15008e0 DEOPT UNPACKING pc=0x00000153c4f6f6cf sp=0x00000032eddfb078 mode 0
Event: 0.320 Thread 0x00000153c15008e0 DEOPT PACKING pc=0x00000153c55305ed sp=0x00000032eddf8050
Event: 0.320 Thread 0x00000153c15008e0 DEOPT UNPACKING pc=0x00000153c4f6f6cf sp=0x00000032eddf7518 mode 0
Event: 0.321 Thread 0x00000153c15008e0 DEOPT PACKING pc=0x00000153c55305ed sp=0x00000032eddfbae0
Event: 0.321 Thread 0x00000153c15008e0 DEOPT UNPACKING pc=0x00000153c4f6f6cf sp=0x00000032eddfafa8 mode 0
Event: 0.321 Thread 0x00000153c15008e0 DEOPT PACKING pc=0x00000153c55305ed sp=0x00000032eddfbbb0
Event: 0.321 Thread 0x00000153c15008e0 DEOPT UNPACKING pc=0x00000153c4f6f6cf sp=0x00000032eddfb078 mode 0
Event: 0.325 Thread 0x00000153c15008e0 DEOPT PACKING pc=0x00000153c55305ed sp=0x00000032eddf7cc0
Event: 0.325 Thread 0x00000153c15008e0 DEOPT UNPACKING pc=0x00000153c4f6f6cf sp=0x00000032eddf7188 mode 0
Event: 0.325 Thread 0x00000153c15008e0 DEOPT PACKING pc=0x00000153c55305ed sp=0x00000032eddf7cc0
Event: 0.325 Thread 0x00000153c15008e0 DEOPT UNPACKING pc=0x00000153c4f6f6cf sp=0x00000032eddf7188 mode 0
Event: 0.363 Thread 0x00000153c15008e0 Uncommon trap: trap_request=0xffffff45 fr.pc=0x00000153cc9f92cc relative=0x000000000000022c
Event: 0.363 Thread 0x00000153c15008e0 Uncommon trap: reason=unstable_if action=reinterpret pc=0x00000153cc9f92cc method=java.lang.String.isLatin1()Z @ 10 c2
Event: 0.364 Thread 0x00000153c15008e0 DEOPT PACKING pc=0x00000153cc9f92cc sp=0x00000032eddfcb30
Event: 0.364 Thread 0x00000153c15008e0 DEOPT UNPACKING pc=0x00000153c4f2852f sp=0x00000032eddfca60 mode 2
Event: 0.367 Thread 0x00000153c15008e0 Uncommon trap: trap_request=0xffffff45 fr.pc=0x00000153cca028c4 relative=0x0000000000000044
Event: 0.367 Thread 0x00000153c15008e0 Uncommon trap: reason=unstable_if action=reinterpret pc=0x00000153cca028c4 method=java.lang.CharacterData.of(I)Ljava/lang/CharacterData; @ 4 c2
Event: 0.367 Thread 0x00000153c15008e0 DEOPT PACKING pc=0x00000153cca028c4 sp=0x00000032eddfe990
Event: 0.367 Thread 0x00000153c15008e0 DEOPT UNPACKING pc=0x00000153c4f2852f sp=0x00000032eddfe930 mode 2

Classes unloaded (0 events):
No events

Classes redefined (5 events):
Event: 174.320 Thread 0x00000153e0b2c650 redefined class name=com.arrays.coding.DeleteElement, count=1
Event: 232.753 Thread 0x00000153e0b2c650 redefined class name=com.arrays.coding.DeleteElement, count=2
Event: 258.661 Thread 0x00000153e0b2c650 redefined class name=com.arrays.coding.DeleteElement, count=3
Event: 337.656 Thread 0x00000153e0b2c650 redefined class name=com.arrays.coding.DeleteElement, count=4
Event: 371.318 Thread 0x00000153e0b2c650 redefined class name=com.arrays.coding.DeleteElement, count=5

Internal exceptions (3 events):
Event: 0.240 Thread 0x00000153c15008e0 Exception <a 'java/lang/NoSuchMethodError'{0x0000000713446910}: 'void java.lang.invoke.DirectMethodHandle$Holder.invokeStatic(java.lang.Object, java.lang.Object)'> (0x0000000713446910) 
thrown [./open/src/hotspot/share/interpreter/linkResolver.cpp, line 782]
Event: 0.240 Thread 0x00000153c15008e0 Exception <a 'java/lang/NoSuchMethodError'{0x000000071344a5b8}: 'void java.lang.invoke.DirectMethodHandle$Holder.invokeStaticInit(java.lang.Object, java.lang.Object)'> (0x000000071344a5b8) 
thrown [./open/src/hotspot/share/interpreter/linkResolver.cpp, line 782]
Event: 0.301 Thread 0x00000153c15008e0 Exception <a 'java/lang/NoSuchMethodError'{0x000000071322c650}: 'java.lang.Object java.lang.invoke.DirectMethodHandle$Holder.invokeStatic(java.lang.Object)'> (0x000000071322c650) 
thrown [./open/src/hotspot/share/interpreter/linkResolver.cpp, line 782]

Events (20 events):
Event: 371.356 Executing VM operation: ChangeBreakpoints
Event: 371.356 Executing VM operation: ChangeBreakpoints done
Event: 371.356 Executing VM operation: ChangeBreakpoints
Event: 371.357 Executing VM operation: ChangeBreakpoints done
Event: 371.360 Executing VM operation: ChangeBreakpoints
Event: 371.360 Executing VM operation: ChangeBreakpoints done
Event: 371.363 Executing VM operation: ChangeBreakpoints
Event: 371.363 Executing VM operation: ChangeBreakpoints done
Event: 371.365 Executing VM operation: ChangeBreakpoints
Event: 371.365 Executing VM operation: ChangeBreakpoints done
Event: 371.366 Executing VM operation: GetFrameCount
Event: 371.366 Executing VM operation: GetFrameCount done
Event: 371.366 Executing VM operation: GetStackTrace
Event: 371.366 Executing VM operation: GetStackTrace done
Event: 371.372 Executing VM operation: GetFrameCount
Event: 371.372 Executing VM operation: GetFrameCount done
Event: 827.146 Executing VM operation: GetFrameCount
Event: 827.146 Executing VM operation: GetFrameCount done
Event: 827.146 Executing VM operation: GetStackTrace
Event: 827.147 Executing VM operation: GetStackTrace done


Dynamic libraries:
0x00007ff74c030000 - 0x00007ff74c03d000 	C:\Users\91889\Downloads\eclipse\plugins\org.eclipse.justj.openjdk.hotspot.jre.full.win32.x86_64_15.0.1.v20201027-0507\jre\bin\javaw.exe
0x00007ffffc910000 - 0x00007ffffcb05000 	C:\windows\SYSTEM32\ntdll.dll
0x00007ffffa980000 - 0x00007ffffaa3d000 	C:\windows\System32\KERNEL32.DLL
0x00007ffffa5e0000 - 0x00007ffffa8a9000 	C:\windows\System32\KERNELBASE.dll
0x00007ffffa4e0000 - 0x00007ffffa5e0000 	C:\windows\System32\ucrtbase.dll
0x00007fffe72c0000 - 0x00007fffe72d9000 	C:\Users\91889\Downloads\eclipse\plugins\org.eclipse.justj.openjdk.hotspot.jre.full.win32.x86_64_15.0.1.v20201027-0507\jre\bin\VCRUNTIME140.dll
0x00007fffe73f0000 - 0x00007fffe7408000 	C:\Users\91889\Downloads\eclipse\plugins\org.eclipse.justj.openjdk.hotspot.jre.full.win32.x86_64_15.0.1.v20201027-0507\jre\bin\jli.dll
0x00007ffffaf50000 - 0x00007ffffb0f0000 	C:\windows\System32\USER32.dll
0x00007ffffa1b0000 - 0x00007ffffa1d2000 	C:\windows\System32\win32u.dll
0x00007ffffb0f0000 - 0x00007ffffb11a000 	C:\windows\System32\GDI32.dll
0x00007fffd9f10000 - 0x00007fffda1aa000 	C:\windows\WinSxS\amd64_microsoft.windows.common-controls_6595b64144ccf1df_6.0.19041.1110_none_60b5254171f9507e\COMCTL32.dll
0x00007ffffb230000 - 0x00007ffffb2ce000 	C:\windows\System32\msvcrt.dll
0x00007ffffa320000 - 0x00007ffffa42b000 	C:\windows\System32\gdi32full.dll
0x00007ffffa8b0000 - 0x00007ffffa94d000 	C:\windows\System32\msvcp_win.dll
0x00007ffffc4d0000 - 0x00007ffffc500000 	C:\windows\System32\IMM32.DLL
0x00007ffff03a0000 - 0x00007ffff03ac000 	C:\Users\91889\Downloads\eclipse\plugins\org.eclipse.justj.openjdk.hotspot.jre.full.win32.x86_64_15.0.1.v20201027-0507\jre\bin\vcruntime140_1.dll
0x00007fffc4bd0000 - 0x00007fffc4c61000 	C:\Users\91889\Downloads\eclipse\plugins\org.eclipse.justj.openjdk.hotspot.jre.full.win32.x86_64_15.0.1.v20201027-0507\jre\bin\msvcp140.dll
0x00007fff83730000 - 0x00007fff8428e000 	C:\Users\91889\Downloads\eclipse\plugins\org.eclipse.justj.openjdk.hotspot.jre.full.win32.x86_64_15.0.1.v20201027-0507\jre\bin\server\jvm.dll
0x00007ffffbab0000 - 0x00007ffffbb5c000 	C:\windows\System32\ADVAPI32.dll
0x00007ffffb2d0000 - 0x00007ffffb36b000 	C:\windows\System32\sechost.dll
0x00007ffffc7a0000 - 0x00007ffffc8ca000 	C:\windows\System32\RPCRT4.dll
0x00007ffffc4c0000 - 0x00007ffffc4c8000 	C:\windows\System32\PSAPI.DLL
0x00007fffd76a0000 - 0x00007fffd76c7000 	C:\windows\SYSTEM32\WINMM.dll
0x00007fffee890000 - 0x00007fffee899000 	C:\windows\SYSTEM32\WSOCK32.dll
0x00007fffee860000 - 0x00007fffee86a000 	C:\windows\SYSTEM32\VERSION.dll
0x00007ffffc730000 - 0x00007ffffc79b000 	C:\windows\System32\WS2_32.dll
0x00007ffff8910000 - 0x00007ffff8922000 	C:\windows\SYSTEM32\kernel.appcore.dll
0x00007fffee880000 - 0x00007fffee88a000 	C:\Users\91889\Downloads\eclipse\plugins\org.eclipse.justj.openjdk.hotspot.jre.full.win32.x86_64_15.0.1.v20201027-0507\jre\bin\jimage.dll
0x00007ffff8470000 - 0x00007ffff8654000 	C:\windows\SYSTEM32\DBGHELP.DLL
0x00007fffe72e0000 - 0x00007fffe730c000 	C:\windows\SYSTEM32\dbgcore.DLL
0x00007ffffa290000 - 0x00007ffffa313000 	C:\windows\System32\bcryptPrimitives.dll
0x00007fffe04a0000 - 0x00007fffe04d9000 	C:\Users\91889\Downloads\eclipse\plugins\org.eclipse.justj.openjdk.hotspot.jre.full.win32.x86_64_15.0.1.v20201027-0507\jre\bin\jdwp.dll
0x00007fffe9ad0000 - 0x00007fffe9ade000 	C:\Users\91889\Downloads\eclipse\plugins\org.eclipse.justj.openjdk.hotspot.jre.full.win32.x86_64_15.0.1.v20201027-0507\jre\bin\instrument.dll
0x00007fffe9020000 - 0x00007fffe9045000 	C:\Users\91889\Downloads\eclipse\plugins\org.eclipse.justj.openjdk.hotspot.jre.full.win32.x86_64_15.0.1.v20201027-0507\jre\bin\java.dll
0x00007fffee840000 - 0x00007fffee858000 	C:\Users\91889\Downloads\eclipse\plugins\org.eclipse.justj.openjdk.hotspot.jre.full.win32.x86_64_15.0.1.v20201027-0507\jre\bin\zip.dll
0x00007ffffb370000 - 0x00007ffffbaaf000 	C:\windows\System32\SHELL32.dll
0x00007ffff7c00000 - 0x00007ffff8391000 	C:\windows\SYSTEM32\windows.storage.dll
0x00007ffffabf0000 - 0x00007ffffaf45000 	C:\windows\System32\combase.dll
0x00007ffff9ac0000 - 0x00007ffff9aec000 	C:\windows\SYSTEM32\Wldp.dll
0x00007ffffb120000 - 0x00007ffffb1ce000 	C:\windows\System32\SHCORE.dll
0x00007ffffc1d0000 - 0x00007ffffc225000 	C:\windows\System32\shlwapi.dll
0x00007ffff9f90000 - 0x00007ffff9faf000 	C:\windows\SYSTEM32\profapi.dll
0x00007fffe78a0000 - 0x00007fffe78ab000 	C:\Users\91889\Downloads\eclipse\plugins\org.eclipse.justj.openjdk.hotspot.jre.full.win32.x86_64_15.0.1.v20201027-0507\jre\bin\dt_socket.dll
0x00007ffff94c0000 - 0x00007ffff94fb000 	C:\windows\SYSTEM32\IPHLPAPI.DLL
0x00007ffff9820000 - 0x00007ffff988a000 	C:\windows\system32\mswsock.dll
0x00007ffff9500000 - 0x00007ffff95cc000 	C:\windows\SYSTEM32\DNSAPI.dll
0x00007ffffbb80000 - 0x00007ffffbb88000 	C:\windows\System32\NSI.dll
0x00007fffef7d0000 - 0x00007fffef7da000 	C:\Windows\System32\rasadhlp.dll
0x00007fffec740000 - 0x00007fffec7bf000 	C:\windows\System32\fwpuclnt.dll
0x00007ffffa950000 - 0x00007ffffa977000 	C:\windows\System32\bcrypt.dll
0x00007fffe9000000 - 0x00007fffe9019000 	C:\Users\91889\Downloads\eclipse\plugins\org.eclipse.justj.openjdk.hotspot.jre.full.win32.x86_64_15.0.1.v20201027-0507\jre\bin\net.dll
0x00007ffff1180000 - 0x00007ffff128a000 	C:\windows\SYSTEM32\WINHTTP.dll
0x00007fffe8fe0000 - 0x00007fffe8ff2000 	C:\Users\91889\Downloads\eclipse\plugins\org.eclipse.justj.openjdk.hotspot.jre.full.win32.x86_64_15.0.1.v20201027-0507\jre\bin\nio.dll
0x00007fffee870000 - 0x00007fffee880000 	C:\Users\91889\Downloads\eclipse\plugins\org.eclipse.justj.openjdk.hotspot.jre.full.win32.x86_64_15.0.1.v20201027-0507\jre\bin\verify.dll

dbghelp: loaded successfully - version: 4.0.5 - missing functions: none
symbol engine: initialized successfully - sym options: 0x614 - pdb path: .;C:\Users\91889\Downloads\eclipse\plugins\org.eclipse.justj.openjdk.hotspot.jre.full.win32.x86_64_15.0.1.v20201027-0507\jre\bin;C:\windows\SYSTEM32;C:\windows\WinSxS\amd64_microsoft.windows.common-controls_6595b64144ccf1df_6.0.19041.1110_none_60b5254171f9507e;C:\Users\91889\Downloads\eclipse\plugins\org.eclipse.justj.openjdk.hotspot.jre.full.win32.x86_64_15.0.1.v20201027-0507\jre\bin\server

VM Arguments:
jvm_args: -XX:+ShowCodeDetailsInExceptionMessages -agentlib:jdwp=transport=dt_socket,suspend=y,address=localhost:50302 -javaagent:C:\Users\91889\Downloads\eclipse\configuration\org.eclipse.osgi\405\0\.cp\lib\javaagent-shaded.jar -Dfile.encoding=Cp1252 
java_command: com.arrays.coding.DeleteElement
java_class_path (initial): C:\DataStructures_Coding\Arrays\bin
Launcher Type: SUN_STANDARD

[Global flags]
     intx CICompilerCount                          = 4                                         {product} {ergonomic}
     uint ConcGCThreads                            = 2                                         {product} {ergonomic}
     uint G1ConcRefinementThreads                  = 8                                         {product} {ergonomic}
   size_t G1HeapRegionSize                         = 2097152                                   {product} {ergonomic}
    uintx GCDrainStackTargetSize                   = 64                                        {product} {ergonomic}
   size_t InitialHeapSize                          = 266338304                                 {product} {ergonomic}
   size_t MarkStackSize                            = 4194304                                   {product} {ergonomic}
   size_t MaxHeapSize                              = 4234149888                                {product} {ergonomic}
   size_t MaxNewSize                               = 2539651072                                {product} {ergonomic}
   size_t MinHeapDeltaBytes                        = 2097152                                   {product} {ergonomic}
   size_t MinHeapSize                              = 8388608                                   {product} {ergonomic}
    uintx NonNMethodCodeHeapSize                   = 5839372                                {pd product} {ergonomic}
    uintx NonProfiledCodeHeapSize                  = 122909434                              {pd product} {ergonomic}
    uintx ProfiledCodeHeapSize                     = 122909434                              {pd product} {ergonomic}
    uintx ReservedCodeCacheSize                    = 251658240                              {pd product} {ergonomic}
     bool SegmentedCodeCache                       = true                                      {product} {ergonomic}
     bool ShowCodeDetailsInExceptionMessages       = true                                   {manageable} {command line}
   size_t SoftMaxHeapSize                          = 4234149888                             {manageable} {ergonomic}
     bool UseCompressedClassPointers               = true                                 {lp64_product} {ergonomic}
     bool UseCompressedOops                        = true                                 {lp64_product} {ergonomic}
     bool UseG1GC                                  = true                                      {product} {ergonomic}
     bool UseLargePagesIndividualAllocation        = false                                  {pd product} {ergonomic}

Logging:
Log output configuration:
 #0: stdout all=warning uptime,level,tags
 #1: stderr all=off uptime,level,tags

Environment Variables:
JAVA_HOME=C:\Java\jdk1.8.0_211-20210609T081640Z-001\jdk1.8.0_211
PATH=C:\Users\91889\Downloads\eclipse\plugins\org.eclipse.justj.openjdk.hotspot.jre.full.win32.x86_64_15.0.1.v20201027-0507\jre\bin;C:/Users/91889/Downloads/eclipse//plugins/org.eclipse.justj.openjdk.hotspot.jre.full.win32.x86_64_15.0.1.v20201027-0507/jre/bin/server;C:/Users/91889/Downloads/eclipse//plugins/org.eclipse.justj.openjdk.hotspot.jre.full.win32.x86_64_15.0.1.v20201027-0507/jre/bin;C:\windows\system32;C:\windows;C:\windows\System32\Wbem;C:\windows\System32\WindowsPowerShell\v1.0\;C:\windows\System32\OpenSSH\;C:\Java\jdk1.8.0_211-20210609T081640Z-001\jdk1.8.0_211\bin;C:\Python27;C:\Windows\System32\apache-cassandra-3.11.10-bin;C:\Program Files\Git\cmd;C:\Program Files\MySQL\MySQL Shell 8.0\bin\;C:\Users\91889\AppData\Local\Microsoft\WindowsApps;C:\Java\jdk1.8.0_211-20210609T081640Z-001;;C:\Users\91889\Downloads\eclipse;
USERNAME=91889
OS=Windows_NT
PROCESSOR_IDENTIFIER=Intel64 Family 6 Model 140 Stepping 1, GenuineIntel



---------------  S Y S T E M  ---------------

OS:
 Windows 10 , 64 bit Build 19041 (10.0.19041.1023)
OS uptime: 7 days 8:13 hours

CPU: total 8 (initial active 8) (4 cores per cpu, 2 threads per core) family 6 model 140 stepping 1 microcode 0x78, cmov, cx8, fxsr, mmx, sse, sse2, sse3, ssse3, sse4.1, sse4.2, popcnt, vzeroupper, avx, avx2, aes, clmul, erms, 3dnowpref, lzcnt, ht, tsc, tscinvbit, bmi1, bmi2, adx, avx512f, avx512dq, avx512cd, avx512bw, avx512vl, avx512_vpopcntdq, avx512_vpclmulqdq, avx512_vbmi, avx512_vbmi2, avx512_vaes, avx512_vnni, sha, fma, clflush, clflushopt, clwb

Memory: 4k page, system-wide physical 16149M (8888M free)
TotalPageFile size 18581M (AvailPageFile size 7198M)
current process WorkingSet (physical memory assigned to process): 49M, peak: 50M
current process commit charge ("private bytes"): 342M, peak: 346M

vm_info: OpenJDK 64-Bit Server VM (15.0.1+9-18) for windows-amd64 JRE (15.0.1+9-18), built on Sep 15 2020 14:39:31 by "mach5one" with unknown MS VC++:1925

END.
